modules/native-socket-connection/android/build/intermediates/manifest_merge_blame_file/debug/processDebugManifest/manifest-merger-blame-debug-report.txt
1<?xml version="1.0" encoding="utf-8"?>
2<manifest xmlns:android="http://schemas.android.com/apk/res/android"
3    package="expo.modules.nativesocketconnection" >
4
5    <uses-sdk android:minSdkVersion="24" />
6
7    <uses-permission android:name="android.permission.FOREGROUND_SERVICE" />
7-->src/main/AndroidManifest.xml:2:5-77
7-->src/main/AndroidManifest.xml:2:22-74
8    <uses-permission android:name="android.permission.FOREGROUND_SERVICE_LOCATION" />
8-->src/main/AndroidManifest.xml:3:5-86
8-->src/main/AndroidManifest.xml:3:22-83
9    <uses-permission android:name="android.permission.ACCESS_FINE_LOCATION" />
9-->src/main/AndroidManifest.xml:4:5-79
9-->src/main/AndroidManifest.xml:4:22-76
10    <uses-permission android:name="android.permission.ACCESS_COARSE_LOCATION" />
10-->src/main/AndroidManifest.xml:5:5-81
10-->src/main/AndroidManifest.xml:5:22-78
11    <uses-permission android:name="android.permission.FOREGROUND_SERVICE_DATA_SYNC" />
11-->src/main/AndroidManifest.xml:6:5-87
11-->src/main/AndroidManifest.xml:6:22-84
12
13    <application>
13-->src/main/AndroidManifest.xml:8:5-14:19
14        <service
14-->src/main/AndroidManifest.xml:9:9-13:65
15            android:name="expo.modules.nativesocketconnection.LocationSocketService"
15-->src/main/AndroidManifest.xml:10:13-50
16            android:enabled="true"
16-->src/main/AndroidManifest.xml:11:13-35
17            android:exported="false"
17-->src/main/AndroidManifest.xml:12:13-37
18            android:foregroundServiceType="location|dataSync" />
18-->src/main/AndroidManifest.xml:13:13-62
19    </application>
20
21</manifest>